d:\private\virtuallinearlist\virtuallinearlist\x64\debug\virtuallinearlist.pch
d:\private\virtuallinearlist\virtuallinearlist\x64\debug\vc140.pdb
d:\private\virtuallinearlist\virtuallinearlist\x64\debug\vc140.idb
d:\private\virtuallinearlist\virtuallinearlist\x64\debug\stdafx.obj
d:\private\virtuallinearlist\virtuallinearlist\x64\debug\arraylist.obj
d:\private\virtuallinearlist\virtuallinearlist\x64\debug\arraystack.obj
d:\private\virtuallinearlist\virtuallinearlist\x64\debug\chain.obj
d:\private\virtuallinearlist\virtuallinearlist\x64\debug\linkedstack.obj
d:\private\virtuallinearlist\virtuallinearlist\x64\debug\virtuallinearlist.obj
d:\private\virtuallinearlist\virtuallinearlist\x64\debug\virtuallinearlistdlg.obj
d:\private\virtuallinearlist\x64\debug\virtuallinearlist.ilk
d:\private\virtuallinearlist\x64\debug\virtuallinearlist.exe
d:\private\virtuallinearlist\x64\debug\virtuallinearlist.pdb
d:\private\virtuallinearlist\virtuallinearlist\x64\debug\virtuallinearlist.res
d:\private\virtuallinearlist\virtuallinearlist\x64\debug\virtuall.ee0e5c1c.tlog\cl.command.1.tlog
d:\private\virtuallinearlist\virtuallinearlist\x64\debug\virtuall.ee0e5c1c.tlog\cl.read.1.tlog
d:\private\virtuallinearlist\virtuallinearlist\x64\debug\virtuall.ee0e5c1c.tlog\cl.write.1.tlog
d:\private\virtuallinearlist\virtuallinearlist\x64\debug\virtuall.ee0e5c1c.tlog\link.command.1.tlog
d:\private\virtuallinearlist\virtuallinearlist\x64\debug\virtuall.ee0e5c1c.tlog\link.read.1.tlog
d:\private\virtuallinearlist\virtuallinearlist\x64\debug\virtuall.ee0e5c1c.tlog\link.write.1.tlog
d:\private\virtuallinearlist\virtuallinearlist\x64\debug\virtuall.ee0e5c1c.tlog\rc.command.1.tlog
d:\private\virtuallinearlist\virtuallinearlist\x64\debug\virtuall.ee0e5c1c.tlog\rc.read.1.tlog
d:\private\virtuallinearlist\virtuallinearlist\x64\debug\virtuall.ee0e5c1c.tlog\rc.write.1.tlog
