  stdafx.cpp
  TemplateListDlg.cpp
d:\private\templatelist\templatelist\temlist.h(22): error C2143: 语法错误: 缺少“,”(在“<”的前面)
  d:\private\templatelist\templatelist\temlist.h(40): note: 参见对正在编译的类 模板 实例化“TemList<T>”的引用
d:\private\templatelist\templatelist\temlist.h(26): error C4430: 缺少类型说明符 - 假定为 int。注意: C++ 不支持默认 int
d:\private\templatelist\templatelist\temlist.h(26): error C2143: 语法错误: 缺少“,”(在“<”的前面)
d:\private\templatelist\templatelist\temlist.h(26): error C2535: “TemList<T>::TemList(int)”: 已经定义或声明成员函数
  d:\private\templatelist\templatelist\temlist.h(25): note: 参见“TemList<T>::TemList”的声明
d:\private\templatelist\templatelist\temlist.h(35): error C2061: 语法错误: 标识符“ostream”
  TemplateList.cpp
  TemList.cpp
d:\private\templatelist\templatelist\temlist.h(22): error C2143: 语法错误: 缺少“,”(在“<”的前面)
  d:\private\templatelist\templatelist\temlist.h(40): note: 参见对正在编译的类 模板 实例化“TemList<T>”的引用
d:\private\templatelist\templatelist\temlist.h(26): error C4430: 缺少类型说明符 - 假定为 int。注意: C++ 不支持默认 int
d:\private\templatelist\templatelist\temlist.h(26): error C2143: 语法错误: 缺少“,”(在“<”的前面)
d:\private\templatelist\templatelist\temlist.h(26): error C2535: “TemList<T>::TemList(int)”: 已经定义或声明成员函数
  d:\private\templatelist\templatelist\temlist.h(25): note: 参见“TemList<T>::TemList”的声明
d:\private\templatelist\templatelist\temlist.h(35): error C2061: 语法错误: 标识符“ostream”
d:\private\templatelist\templatelist\temlist.cpp(16): error C2533: “TemList<T>::TemList”: 构造函数不能有返回类型
  正在生成代码...
