d:\private\dll\dll\debug\dll.pch
d:\private\dll\dll\debug\vc140.pdb
d:\private\dll\dll\debug\vc140.idb
d:\private\dll\dll\debug\pch.obj
d:\private\dll\dll\debug\dllmain.obj
d:\private\dll\dll\debug\dll.obj
d:\private\dll\debug\dll\dll.lib
d:\private\dll\debug\dll\dll.exp
d:\private\dll\dll\debug\priconfig.xml
d:\private\dll\dll\debug\priconfig.xml.intermediate
d:\private\dll\dll\debug\layout.resfiles
d:\private\dll\dll\debug\layout.resfiles.intermediate
d:\private\dll\dll\debug\resources.resfiles
d:\private\dll\dll\debug\resources.resfiles.intermediate
d:\private\dll\dll\debug\pri.resfiles
d:\private\dll\dll\debug\pri.resfiles.intermediate
d:\private\dll\debug\dll\dll.pri
d:\private\dll\dll\debug\qualifiers.txt
d:\private\dll\dll\debug\qualifiers.txt.intermediate
d:\private\dll\dll\debug\multiplequalifiersperdimensionfound.txt
d:\private\dll\debug\dll\dll.ilk
d:\private\dll\debug\dll\dll.dll
d:\private\dll\debug\dll\dll.pdb
d:\private\dll\dll\debug\embed.resfiles
d:\private\dll\dll\debug\dll.tlog\cl.command.1.tlog
d:\private\dll\dll\debug\dll.tlog\cl.read.1.tlog
d:\private\dll\dll\debug\dll.tlog\cl.write.1.tlog
d:\private\dll\dll\debug\dll.tlog\dll.read.1u.tlog
d:\private\dll\dll\debug\dll.tlog\dll.write.1u.tlog
d:\private\dll\dll\debug\dll.tlog\link.command.1.tlog
d:\private\dll\dll\debug\dll.tlog\link.read.1.tlog
d:\private\dll\dll\debug\dll.tlog\link.write.1.tlog
